0 info it worked if it ends with ok
1 verbose cli [ 'node', '/usr/local/bin/npm', 'publish', './' ]
2 info using npm@1.4.28
3 info using node@v0.10.36
4 verbose publish [ './' ]
5 verbose cache add [ './', null ]
6 verbose cache add name=undefined spec="./" args=["./",null]
7 verbose parsed url { protocol: null,
7 verbose parsed url   slashes: null,
7 verbose parsed url   auth: null,
7 verbose parsed url   host: null,
7 verbose parsed url   port: null,
7 verbose parsed url   hostname: null,
7 verbose parsed url   hash: null,
7 verbose parsed url   search: null,
7 verbose parsed url   query: null,
7 verbose parsed url   pathname: './',
7 verbose parsed url   path: './',
7 verbose parsed url   href: './' }
8 silly lockFile 0ee6c175- ./
9 verbose lock ./ /Users/richardford/.npm/0ee6c175-.lock
10 verbose tar pack [ '/Users/richardford/.npm/common_util/1.0.0/package.tgz',
10 verbose tar pack   './' ]
11 verbose tarball /Users/richardford/.npm/common_util/1.0.0/package.tgz
12 verbose folder ./
13 info prepublish common_util@1.0.0
14 silly lockFile 04cb2bca-tar tar://./
15 verbose lock tar://./ /Users/richardford/.npm/04cb2bca-tar.lock
16 silly lockFile 4acf067b-pm-common-util-1-0-0-package-tgz tar:///Users/richardford/.npm/common_util/1.0.0/package.tgz
17 verbose lock tar:///Users/richardford/.npm/common_util/1.0.0/package.tgz /Users/richardford/.npm/4acf067b-pm-common-util-1-0-0-package-tgz.lock
18 silly lockFile 04cb2bca-tar tar://./
19 silly lockFile 04cb2bca-tar tar://./
20 silly lockFile 4acf067b-pm-common-util-1-0-0-package-tgz tar:///Users/richardford/.npm/common_util/1.0.0/package.tgz
21 silly lockFile 4acf067b-pm-common-util-1-0-0-package-tgz tar:///Users/richardford/.npm/common_util/1.0.0/package.tgz
22 silly lockFile 398ba298-rd-npm-common-util-1-0-0-package /Users/richardford/.npm/common_util/1.0.0/package
23 verbose lock /Users/richardford/.npm/common_util/1.0.0/package /Users/richardford/.npm/398ba298-rd-npm-common-util-1-0-0-package.lock
24 silly lockFile 398ba298-rd-npm-common-util-1-0-0-package /Users/richardford/.npm/common_util/1.0.0/package
25 silly lockFile 398ba298-rd-npm-common-util-1-0-0-package /Users/richardford/.npm/common_util/1.0.0/package
26 silly lockFile 0ee6c175- ./
27 silly lockFile 0ee6c175- ./
28 silly publish { name: 'common_util',
28 silly publish   version: '1.0.0',
28 silly publish   description: 'Test package',
28 silly publish   main: 'server.js',
28 silly publish   scripts:
28 silly publish    { test: 'echo "Error: no test specified" && exit 1',
28 silly publish      start: 'node server.js' },
28 silly publish   repository: { type: 'git', url: 'https://github.com/rfordtke/Share.git' },
28 silly publish   author: { name: 'Richard Ford' },
28 silly publish   license: 'ISC',
28 silly publish   bugs: { url: 'https://github.com/rfordtke/Share/issues' },
28 silly publish   homepage: 'https://github.com/rfordtke/Share',
28 silly publish   gitHead: 'ffa96200f099345a13baba5676d3173db4b1e098',
28 silly publish   readme: 'ERROR: No README data found!',
28 silly publish   _id: 'common_util@1.0.0',
28 silly publish   _shasum: '93d07a3acdec4e63fa2ff340e0ca5e22e4d20b9c',
28 silly publish   _from: './' }
29 verbose request where is /common_util
30 verbose request registry https://registry.npmjs.org/
31 verbose request id 82c42b52b9664248
32 verbose url raw /common_util
33 verbose url resolving [ 'https://registry.npmjs.org/', './common_util' ]
34 verbose url resolved https://registry.npmjs.org/common_util
35 verbose request where is https://registry.npmjs.org/common_util
36 info trying registry request attempt 1 at 13:31:52
37 http PUT https://registry.npmjs.org/common_util
38 http 403 https://registry.npmjs.org/common_util
39 verbose headers { 'content-type': 'application/json',
39 verbose headers   'cache-control': 'max-age=60',
39 verbose headers   'content-length': '95',
39 verbose headers   'accept-ranges': 'bytes',
39 verbose headers   date: 'Tue, 16 Jun 2015 17:31:51 GMT',
39 verbose headers   via: '1.1 varnish',
39 verbose headers   connection: 'keep-alive',
39 verbose headers   'x-served-by': 'cache-iad2129-IAD',
39 verbose headers   'x-cache': 'MISS',
39 verbose headers   'x-cache-hits': '0',
39 verbose headers   'x-timer': 'S1434475911.100196,VS0,VE398' }
40 error publish Failed PUT 403
41 error Error: "You cannot publish over the previously published version 1.0.0." : common_util
41 error     at RegClient.<anonymous> (/usr/local/lib/node_modules/npm/node_modules/npm-registry-client/lib/request.js:308:14)
41 error     at Request._callback (/usr/local/lib/node_modules/npm/node_modules/npm-registry-client/lib/request.js:246:65)
41 error     at Request.self.callback (/usr/local/lib/node_modules/npm/node_modules/request/request.js:236:22)
41 error     at Request.emit (events.js:98:17)
41 error     at Request.<anonymous> (/usr/local/lib/node_modules/npm/node_modules/request/request.js:1142:14)
41 error     at Request.emit (events.js:117:20)
41 error     at IncomingMessage.<anonymous> (/usr/local/lib/node_modules/npm/node_modules/request/request.js:1096:12)
41 error     at IncomingMessage.emit (events.js:117:20)
41 error     at _stream_readable.js:944:16
41 error     at process._tickCallback (node.js:442:13)
42 error If you need help, you may report this *entire* log,
42 error including the npm and node versions, at:
42 error     <http://github.com/npm/npm/issues>
43 error System Darwin 14.3.0
44 error command "node" "/usr/local/bin/npm" "publish" "./"
45 error cwd /Users/richardford/Development/Rich_workspace
46 error node -v v0.10.36
47 error npm -v 1.4.28
48 verbose exit [ 1, true ]
